<?xml version="1.0" encoding="utf-8"?><testsuites name="pytest tests"><testsuite name="pytest" errors="0" failures="0" skipped="0" tests="19" time="11.245" timestamp="2026-04-17T13:08:02.411699+00:00" hostname="agent-env-5735b5cd-5cf1-4011-a126-5d5076080096"><testcase classname="backend.tests.test_owner_panel.TestOwnerPasswordVerification" name="test_verify_correct_password" time="0.255" /><testcase classname="backend.tests.test_owner_panel.TestOwnerPasswordVerification" name="test_verify_wrong_password" time="0.152" /><testcase classname="backend.tests.test_owner_panel.TestOwnerPasswordVerification" name="test_verify_empty_password" time="0.155" /><testcase classname="backend.tests.test_owner_panel.TestStaffCRUD" name="test_get_staff_list" time="0.111" /><testcase classname="backend.tests.test_owner_panel.TestStaffCRUD" name="test_create_staff_monthly" time="0.224" /><testcase classname="backend.tests.test_owner_panel.TestStaffCRUD" name="test_create_staff_daily" time="0.158" /><testcase classname="backend.tests.test_owner_panel.TestStaffCRUD" name="test_update_staff" time="0.405" /><testcase classname="backend.tests.test_owner_panel.TestStaffCRUD" name="test_delete_staff" time="0.393" /><testcase classname="backend.tests.test_owner_panel.TestStaffCRUD" name="test_delete_nonexistent_staff" time="0.126" /><testcase classname="backend.tests.test_owner_panel.TestAttendance" name="test_mark_attendance_present" time="0.266" /><testcase classname="backend.tests.test_owner_panel.TestAttendance" name="test_mark_attendance_half_day" time="0.227" /><testcase classname="backend.tests.test_owner_panel.TestAttendance" name="test_mark_attendance_absent" time="0.228" /><testcase classname="backend.tests.test_owner_panel.TestAttendance" name="test_update_attendance_same_date" time="0.379" /><testcase classname="backend.tests.test_owner_panel.TestAttendance" name="test_get_attendance_summary" time="0.711" /><testcase classname="backend.tests.test_owner_panel.TestSalaryGeneration" name="test_generate_salary_monthly" time="2.879" /><testcase classname="backend.tests.test_owner_panel.TestSalaryGeneration" name="test_generate_salary_daily" time="2.554" /><testcase classname="backend.tests.test_owner_panel.TestSalaryGeneration" name="test_get_salary_records" time="0.329" /><testcase classname="backend.tests.test_owner_panel.TestSalaryGeneration" name="test_generate_salary_nonexistent_staff" time="0.113" /><testcase classname="backend.tests.test_owner_panel.TestCleanup" name="test_cleanup_test_staff" time="1.350" /></testsuite></testsuites>