<?xml version="1.0" encoding="utf-8"?><testsuites name="pytest tests"><testsuite name="pytest" errors="0" failures="0" skipped="0" tests="26" time="4.282" timestamp="2026-04-20T14:41:23.067209+00:00" hostname="agent-env-5735b5cd-5cf1-4011-a126-5d5076080096"><testcase classname="backend.tests.test_pos_api.TestHealthCheck" name="test_api_root" time="0.257" /><testcase classname="backend.tests.test_pos_api.TestTablesAPI" name="test_get_tables" time="0.061" /><testcase classname="backend.tests.test_pos_api.TestTablesAPI" name="test_create_table" time="0.055" /><testcase classname="backend.tests.test_pos_api.TestTablesAPI" name="test_update_table_status" time="0.118" /><testcase classname="backend.tests.test_pos_api.TestMenuAPI" name="test_get_menu" time="0.046" /><testcase classname="backend.tests.test_pos_api.TestMenuAPI" name="test_create_menu_item" time="0.053" /><testcase classname="backend.tests.test_pos_api.TestMenuAPI" name="test_update_menu_item" time="0.100" /><testcase classname="backend.tests.test_pos_api.TestMenuAPI" name="test_delete_menu_item" time="0.146" /><testcase classname="backend.tests.test_pos_api.TestOrdersAPI" name="test_get_orders" time="0.048" /><testcase classname="backend.tests.test_pos_api.TestOrdersAPI" name="test_create_order" time="0.141" /><testcase classname="backend.tests.test_pos_api.TestOrdersAPI" name="test_update_order_status" time="0.244" /><testcase classname="backend.tests.test_pos_api.TestOrdersAPI" name="test_get_order_by_id" time="0.204" /><testcase classname="backend.tests.test_pos_api.TestBillsAPI" name="test_get_bills" time="0.050" /><testcase classname="backend.tests.test_pos_api.TestBillsAPI" name="test_create_bill" time="0.243" /><testcase classname="backend.tests.test_pos_api.TestBillsAPI" name="test_update_bill_payment" time="0.298" /><testcase classname="backend.tests.test_pos_api.TestOwnerAPI" name="test_verify_owner_password_correct" time="0.058" /><testcase classname="backend.tests.test_pos_api.TestOwnerAPI" name="test_verify_owner_password_incorrect" time="0.046" /><testcase classname="backend.tests.test_pos_api.TestOwnerAPI" name="test_get_staff" time="0.052" /><testcase classname="backend.tests.test_pos_api.TestOwnerAPI" name="test_create_staff" time="0.046" /><testcase classname="backend.tests.test_pos_api.TestOwnerAPI" name="test_update_staff" time="0.095" /><testcase classname="backend.tests.test_pos_api.TestOwnerAPI" name="test_delete_staff" time="0.092" /><testcase classname="backend.tests.test_pos_api.TestAttendanceAPI" name="test_mark_attendance" time="0.107" /><testcase classname="backend.tests.test_pos_api.TestAttendanceAPI" name="test_get_attendance" time="0.143" /><testcase classname="backend.tests.test_pos_api.TestAttendanceAPI" name="test_attendance_summary" time="0.256" /><testcase classname="backend.tests.test_pos_api.TestSalaryAPI" name="test_generate_salary" time="1.115" /><testcase classname="backend.tests.test_pos_api.TestSalaryAPI" name="test_get_salaries" time="0.046" /></testsuite></testsuites>